<?xml version="1.0" encoding="UTF-8"?>
<!-- Generated by org.testng.reporters.JUnitXMLReporter -->
<testsuite hostname="DESKTOP-OUFAM2L" ignored="0" name="Test" tests="6" failures="0" timestamp="06 Sep 2022 07:03:43 GMT" time="22.005" errors="0">
  <testcase name="login" time="4.909" classname="com.omrbranch.UserAddress"/>
  <testcase name="addUserAddress" time="1.564" classname="com.omrbranch.UserAddress"/>
  <testcase name="updateUserAddress" time="2.004" classname="com.omrbranch.UserAddress"/>
  <testcase name="getUserAddresses" time="3.328" classname="com.omrbranch.UserAddress"/>
  <testcase name="deleteUserAddress" time="3.508" classname="com.omrbranch.UserAddress"/>
  <testcase name="changeProfilePic" time="6.605" classname="com.omrbranch.UserAddress"/>
</testsuite> <!-- Test -->
